0 info it worked if it ends with ok
1 verbose cli [ '/Users/harebenj/.homebrew/Cellar/node/0.10.3/bin/node',
1 verbose cli   '/Users/harebenj/.rvm/bin/npm',
1 verbose cli   'install' ]
2 info using npm@1.2.17
3 info using node@v0.10.3
4 verbose read json /Users/harebenj/projects/react/react-tutorial-master/package.json
5 verbose readDependencies using package.json deps
6 verbose install where, deps [ '/Users/harebenj/projects/react/react-tutorial-master',
6 verbose install   [ 'body-parser', 'express' ] ]
7 verbose from cache /Users/harebenj/projects/react/react-tutorial-master/package.json
8 info preinstall react-tutorial@0.0.0
9 verbose from cache /Users/harebenj/projects/react/react-tutorial-master/package.json
10 verbose readDependencies using package.json deps
11 verbose cache add [ 'body-parser@^1.4.3', null ]
12 verbose cache add name=undefined spec="body-parser@^1.4.3" args=["body-parser@^1.4.3",null]
13 verbose parsed url { protocol: null,
13 verbose parsed url   slashes: null,
13 verbose parsed url   auth: null,
13 verbose parsed url   host: null,
13 verbose parsed url   port: null,
13 verbose parsed url   hostname: null,
13 verbose parsed url   hash: null,
13 verbose parsed url   search: null,
13 verbose parsed url   query: null,
13 verbose parsed url   pathname: 'body-parser@^1.4.3',
13 verbose parsed url   path: 'body-parser@^1.4.3',
13 verbose parsed url   href: 'body-parser@^1.4.3' }
14 verbose cache add name="body-parser" spec="^1.4.3" args=["body-parser","^1.4.3"]
15 verbose parsed url { protocol: null,
15 verbose parsed url   slashes: null,
15 verbose parsed url   auth: null,
15 verbose parsed url   host: null,
15 verbose parsed url   port: null,
15 verbose parsed url   hostname: null,
15 verbose parsed url   hash: null,
15 verbose parsed url   search: null,
15 verbose parsed url   query: null,
15 verbose parsed url   pathname: '^1.4.3',
15 verbose parsed url   path: '^1.4.3',
15 verbose parsed url   href: '^1.4.3' }
16 verbose addNamed [ 'body-parser', '^1.4.3' ]
17 verbose addNamed [ null, null ]
18 verbose cache add [ 'express@^4.4.5', null ]
19 verbose cache add name=undefined spec="express@^4.4.5" args=["express@^4.4.5",null]
20 verbose parsed url { protocol: null,
20 verbose parsed url   slashes: null,
20 verbose parsed url   auth: null,
20 verbose parsed url   host: null,
20 verbose parsed url   port: null,
20 verbose parsed url   hostname: null,
20 verbose parsed url   hash: null,
20 verbose parsed url   search: null,
20 verbose parsed url   query: null,
20 verbose parsed url   pathname: 'express@^4.4.5',
20 verbose parsed url   path: 'express@^4.4.5',
20 verbose parsed url   href: 'express@^4.4.5' }
21 verbose cache add name="express" spec="^4.4.5" args=["express","^4.4.5"]
22 verbose parsed url { protocol: null,
22 verbose parsed url   slashes: null,
22 verbose parsed url   auth: null,
22 verbose parsed url   host: null,
22 verbose parsed url   port: null,
22 verbose parsed url   hostname: null,
22 verbose parsed url   hash: null,
22 verbose parsed url   search: null,
22 verbose parsed url   query: null,
22 verbose parsed url   pathname: '^4.4.5',
22 verbose parsed url   path: '^4.4.5',
22 verbose parsed url   href: '^4.4.5' }
23 verbose addNamed [ 'express', '^4.4.5' ]
24 verbose addNamed [ null, null ]
25 silly lockFile d9294800-body-parser-1-4-3 body-parser@^1.4.3
26 verbose lock body-parser@^1.4.3 /Users/harebenj/.npm/d9294800-body-parser-1-4-3.lock
27 silly lockFile 2ccc2f38-express-4-4-5 express@^4.4.5
28 verbose lock express@^4.4.5 /Users/harebenj/.npm/2ccc2f38-express-4-4-5.lock
29 info addNameTag [ 'body-parser', '^1.4.3' ]
30 info addNameTag [ 'express', '^4.4.5' ]
31 verbose url raw body-parser
32 verbose url resolving [ 'https://registry.npmjs.org/', './body-parser' ]
33 verbose url resolved https://registry.npmjs.org/body-parser
34 info trying registry request attempt 1 at 11:25:45
35 verbose etag "6ORFQSCSN8RYJKZ8OSGDXQ1C9"
36 http GET https://registry.npmjs.org/body-parser
37 verbose url raw express
38 verbose url resolving [ 'https://registry.npmjs.org/', './express' ]
39 verbose url resolved https://registry.npmjs.org/express
40 info trying registry request attempt 1 at 11:25:45
41 verbose etag "2LM17AJ5OD4SY17TI28CWQBYY"
42 http GET https://registry.npmjs.org/express
43 http 304 https://registry.npmjs.org/body-parser
44 silly registry.get cb [ 304,
44 silly registry.get   { date: 'Sun, 25 Oct 2015 15:25:45 GMT',
44 silly registry.get     via: '1.1 varnish',
44 silly registry.get     'cache-control': 'max-age=60',
44 silly registry.get     etag: '"6ORFQSCSN8RYJKZ8OSGDXQ1C9"',
44 silly registry.get     age: '43',
44 silly registry.get     connection: 'keep-alive',
44 silly registry.get     'x-served-by': 'cache-ord1730-ORD',
44 silly registry.get     'x-cache': 'HIT',
44 silly registry.get     'x-cache-hits': '1',
44 silly registry.get     'x-timer': 'S1445786745.587957,VS0,VE0',
44 silly registry.get     vary: 'Accept' } ]
45 verbose etag body-parser from cache
46 silly lockFile d9294800-body-parser-1-4-3 body-parser@^1.4.3
47 silly lockFile d9294800-body-parser-1-4-3 body-parser@^1.4.3
48 error Error: No compatible version found: body-parser@'^1.4.3'
48 error Valid install targets:
48 error ["1.0.0","1.0.1","1.0.2","1.1.0","1.1.1","1.1.2","1.2.0","1.2.1","1.2.2","1.3.0","1.3.1","1.4.0","1.4.1","1.4.2","1.4.3","1.5.0","1.5.1","1.5.2","1.6.0","1.6.1","1.6.2","1.6.3","1.6.4","1.6.5","1.6.6","1.6.7","1.7.0","1.8.0","1.8.1","1.8.2","1.8.3","1.8.4","1.9.0","1.9.1","1.9.2","1.9.3","1.10.0","1.10.1","1.10.2","1.11.0","1.12.0","1.12.1","1.12.2","1.12.3","1.12.4","1.13.0","1.13.1","1.13.2","1.13.3","1.14.0","1.14.1"]
48 error     at installTargetsError (/Users/harebenj/.homebrew/Cellar/node/0.10.3/lib/node_modules/npm/lib/cache.js:685:10)
48 error     at /Users/harebenj/.homebrew/Cellar/node/0.10.3/lib/node_modules/npm/lib/cache.js:607:10
48 error     at saved (/Users/harebenj/.homebrew/Cellar/node/0.10.3/lib/node_modules/npm/node_modules/npm-registry-client/lib/get.js:138:7)
48 error     at Object.oncomplete (fs.js:107:15)
49 error If you need help, you may report this log at:
49 error     <http://github.com/isaacs/npm/issues>
49 error or email it to:
49 error     <npm-@googlegroups.com>
50 error System Darwin 14.3.0
51 error command "/Users/harebenj/.homebrew/Cellar/node/0.10.3/bin/node" "/Users/harebenj/.rvm/bin/npm" "install"
52 error cwd /Users/harebenj/projects/react/react-tutorial-master
53 error node -v v0.10.3
54 error npm -v 1.2.17
55 verbose exit [ 1, true ]
